Arguments: 
  /usr/local/bin/node /usr/local/bin/yarn add babel-plugin-syntax-dynamic-impor

PATH: 
  /usr/local/opt/openssl/bin:/usr/local/bin:/usr/bin:/bin:/usr/sbin:/sbin:/usr/X11/bin:/Users/bernardgaitho/Library/Python/2.7/bin:/Users/bernardgaitho/Library/Android/sdk/emulator:/Users/bernardgaitho/Library/Android/sdk/tools:/Users/bernardgaitho/Library/Android/sdk/tools/bin:/Users/bernardgaitho/Library/Android/sdk/platform-tools:/Applications/ArangoDB3-CLI.app/Contents/Resources

Yarn version: 
  1.2.1

Node version: 
  14.15.3

Platform: 
  darwin x64

npm manifest: 
  {
    "name": "sails-react-ssr",
    "version": "1.0.0",
    "description": "",
    "main": "index.js",
    "scripts": {
      "test": "echo \"Error: no test specified\" && exit 1"
    },
    "keywords": [],
    "author": "Bernard Gaitho <gaithoben@gmail.com> (http://github.com/gaithoben)",
    "license": "MIT",
    "dependencies": {
      "babel-plugin-dynamic-import-node": "^2.3.3",
      "ignore-styles": "^5.0.1",
      "md5-file": "^5.0.0"
    }
  }

yarn manifest: 
  No manifest

Lockfile: 
  # THIS IS AN AUTOGENERATED FILE. DO NOT EDIT THIS FILE DIRECTLY.
  # yarn lockfile v1
  
  
  babel-plugin-dynamic-import-node@^2.3.3:
    version "2.3.3"
    resolved "https://registry.yarnpkg.com/babel-plugin-dynamic-import-node/-/babel-plugin-dynamic-import-node-2.3.3.tgz#84fda19c976ec5c6defef57f9427b3def66e17a3"
    dependencies:
      object.assign "^4.1.0"
  
  call-bind@^1.0.0:
    version "1.0.1"
    resolved "https://registry.yarnpkg.com/call-bind/-/call-bind-1.0.1.tgz#29aca9151f8ddcfd5b9b786898f005f425e88567"
    dependencies:
      function-bind "^1.1.1"
      get-intrinsic "^1.0.2"
  
  define-properties@^1.1.3:
    version "1.1.3"
    resolved "https://registry.yarnpkg.com/define-properties/-/define-properties-1.1.3.tgz#cf88da6cbee26fe6db7094f61d870cbd84cee9f1"
    dependencies:
      object-keys "^1.0.12"
  
  function-bind@^1.1.1:
    version "1.1.1"
    resolved "https://registry.yarnpkg.com/function-bind/-/function-bind-1.1.1.tgz#a56899d3ea3c9bab874bb9773b7c5ede92f4895d"
  
  get-intrinsic@^1.0.2:
    version "1.0.2"
    resolved "https://registry.yarnpkg.com/get-intrinsic/-/get-intrinsic-1.0.2.tgz#6820da226e50b24894e08859469dc68361545d49"
    dependencies:
      function-bind "^1.1.1"
      has "^1.0.3"
      has-symbols "^1.0.1"
  
  has-symbols@^1.0.1:
    version "1.0.1"
    resolved "https://registry.yarnpkg.com/has-symbols/-/has-symbols-1.0.1.tgz#9f5214758a44196c406d9bd76cebf81ec2dd31e8"
  
  has@^1.0.3:
    version "1.0.3"
    resolved "https://registry.yarnpkg.com/has/-/has-1.0.3.tgz#722d7cbfc1f6aa8241f16dd814e011e1f41e8796"
    dependencies:
      function-bind "^1.1.1"
  
  ignore-styles@^5.0.1:
    version "5.0.1"
    resolved "https://registry.yarnpkg.com/ignore-styles/-/ignore-styles-5.0.1.tgz#b49ef2274bdafcd8a4880a966bfe38d1a0bf4671"
  
  md5-file@^5.0.0:
    version "5.0.0"
    resolved "https://registry.yarnpkg.com/md5-file/-/md5-file-5.0.0.tgz#e519f631feca9c39e7f9ea1780b63c4745012e20"
  
  object-keys@^1.0.12, object-keys@^1.1.1:
    version "1.1.1"
    resolved "https://registry.yarnpkg.com/object-keys/-/object-keys-1.1.1.tgz#1c47f272df277f3b1daf061677d9c82e2322c60e"
  
  object.assign@^4.1.0:
    version "4.1.2"
    resolved "https://registry.yarnpkg.com/object.assign/-/object.assign-4.1.2.tgz#0ed54a342eceb37b38ff76eb831a0e788cb63940"
    dependencies:
      call-bind "^1.0.0"
      define-properties "^1.1.3"
      has-symbols "^1.0.1"
      object-keys "^1.1.1"

Trace: 
  Error: https://registry.yarnpkg.com/babel-plugin-syntax-dynamic-impor: Not found
      at Request.params.callback [as _callback] (/usr/local/lib/node_modules/yarn/lib/cli.js:62027:18)
      at Request.self.callback (/usr/local/lib/node_modules/yarn/lib/cli.js:123011:22)
      at Request.emit (events.js:315:20)
      at Request.<anonymous> (/usr/local/lib/node_modules/yarn/lib/cli.js:123994:10)
      at Request.emit (events.js:315:20)
      at IncomingMessage.<anonymous> (/usr/local/lib/node_modules/yarn/lib/cli.js:123914:12)
      at Object.onceWrapper (events.js:421:28)
      at IncomingMessage.emit (events.js:327:22)
      at endReadableNT (internal/streams/readable.js:1327:12)
      at processTicksAndRejections (internal/process/task_queues.js:80:21)
